This is XeTeX, Version 3.14159265-2.6-0.999992 (MiKTeX 20.12) (preloaded format=xelatex 2021.8.25)  25 AUG 2021 14:36
entering extended mode
**./mine.tex
(mine.tex
LaTeX2e <2020-10-01> patch level 2
L3 programming layer <2020-12-07> xparse <2020-03-03>
("C:\Program Files\MiKTeX\tex/latex/base\article.cls"
Document Class: article 2020/04/10 v1.4m Standard LaTeX document class
("C:\Program Files\MiKTeX\tex/latex/base\size12.clo"
File: size12.clo 2020/04/10 v1.4m Standard LaTeX file (size option)
)
\c@part=\count173
\c@section=\count174
\c@subsection=\count175
\c@subsubsection=\count176
\c@paragraph=\count177
\c@subparagraph=\count178
\c@figure=\count179
\c@table=\count180
\abovecaptionskip=\skip47
\belowcaptionskip=\skip48
\bibindent=\dimen138
)
("C:\Program Files\MiKTeX\tex/latex/geometry\geometry.sty"
Package: geometry 2020/01/02 v5.9 Page Geometry

("C:\Program Files\MiKTeX\tex/latex/graphics\keyval.sty"
Package: keyval 2014/10/28 v1.15 key=value parser (DPC)
\KV@toks@=\toks15
)
("C:\Program Files\MiKTeX\tex/generic/iftex\ifvtex.sty"
Package: ifvtex 2019/10/25 v1.7 ifvtex legacy package. Use iftex instead.

("C:\Program Files\MiKTeX\tex/generic/iftex\iftex.sty"
Package: iftex 2020/03/06 v1.0d TeX engine tests
))
\Gm@cnth=\count181
\Gm@cntv=\count182
\c@Gm@tempcnt=\count183
\Gm@bindingoffset=\dimen139
\Gm@wd@mp=\dimen140
\Gm@odd@mp=\dimen141
\Gm@even@mp=\dimen142
\Gm@layoutwidth=\dimen143
\Gm@layoutheight=\dimen144
\Gm@layouthoffset=\dimen145
\Gm@layoutvoffset=\dimen146
\Gm@dimlist=\toks16

("C:\Program Files\MiKTeX\tex/xelatex/xetexconfig\geometry.cfg"))
("C:\Program Files\MiKTeX\tex/latex/fancyhdr\fancyhdr.sty"
Package: fancyhdr 2021/01/04 v4.0 Extensive control of page headers and footers

\f@nch@headwidth=\skip49
\f@nch@O@elh=\skip50
\f@nch@O@erh=\skip51
\f@nch@O@olh=\skip52
\f@nch@O@orh=\skip53
\f@nch@O@elf=\skip54
\f@nch@O@erf=\skip55
\f@nch@O@olf=\skip56
\f@nch@O@orf=\skip57
)
("C:\Program Files\MiKTeX\tex/latex/lipsum\lipsum.sty"
("C:\Program Files\MiKTeX\tex/latex/l3packages/l3keys2e\l3keys2e.sty"
("C:\Program Files\MiKTeX\tex/latex/l3kernel\expl3.sty"
Package: expl3 2020-12-07 L3 programming layer (loader) 

("C:\Program Files\MiKTeX\tex/latex/l3backend\l3backend-xetex.def"
File: l3backend-xetex.def 2020-09-24 L3 backend support: XeTeX
\g__graphics_track_int=\count184
\l__pdf_internal_box=\box47
\g__pdf_backend_object_int=\count185
\g__pdf_backend_annotation_int=\count186
))
Package: l3keys2e 2020-10-27 LaTeX2e option processing using LaTeX3 keys
)
Package: lipsum 2021-08-01 v2.5 150 paragraphs of Lorem Ipsum dummy text
\g__lipsum_par_int=\count187
\l__lipsum_a_int=\count188
\l__lipsum_b_int=\count189

LaTeX3 Info: Defining command \LipsumPar with sig. 'm' on line 175.


LaTeX3 Info: Defining command \SetLipsumParListItemStart with sig. 's+m' on
(LaTeX3)     line 208.


LaTeX3 Info: Defining command \SetLipsumParListStart with sig. 's+m' on line
(LaTeX3)     208.


LaTeX3 Info: Defining command \SetLipsumParListItemEnd with sig. 's+m' on line
(LaTeX3)     208.


LaTeX3 Info: Defining command \SetLipsumParListEnd with sig. 's+m' on line
(LaTeX3)     208.


LaTeX3 Info: Defining command \SetLipsumParListItemSurrounders with sig.
(LaTeX3)     's+m+m' on line 208.


LaTeX3 Info: Defining command \SetLipsumParListSurrounders with sig. 's+m+m'
(LaTeX3)     on line 208.


LaTeX3 Info: Defining command \SetLipsumParListItemSeparator with sig. 's+m'
(LaTeX3)     on line 208.


LaTeX3 Info: Defining command \SetLipsumSentenceListItemStart with sig. 's+m'
(LaTeX3)     on line 208.


LaTeX3 Info: Defining command \SetLipsumSentenceListStart with sig. 's+m' on
(LaTeX3)     line 208.


LaTeX3 Info: Defining command \SetLipsumSentenceListItemEnd with sig. 's+m' on
(LaTeX3)     line 208.


LaTeX3 Info: Defining command \SetLipsumSentenceListEnd with sig. 's+m' on
(LaTeX3)     line 208.


LaTeX3 Info: Defining command \SetLipsumSentenceListItemSurrounders with sig.
(LaTeX3)     's+m+m' on line 208.


LaTeX3 Info: Defining command \SetLipsumSentenceListSurrounders with sig.
(LaTeX3)     's+m+m' on line 208.


LaTeX3 Info: Defining command \SetLipsumSentenceListItemSeparator with sig.
(LaTeX3)     's+m' on line 208.


LaTeX3 Info: Defining command \SetLipsumDefault with sig. 'm' on line 214.


LaTeX3 Info: Defining command \lipsum with sig. 'sO{\g_lipsum_default_range_tl
(LaTeX3)     }o' on line 223.


LaTeX3 Info: Defining command \unpacklipsum with sig.
(LaTeX3)     'sO{\g_lipsum_default_range_tl }o' on line 225.


LaTeX3 Info: Defining command \SetLipsumText with sig. 'm' on line 313.


LaTeX3 Info: Defining command \SetLipsumLanguage with sig. 'm' on line 315.


LaTeX3 Info: Defining command \setlipsum with sig. '+m' on line 344.


("C:\Program Files\MiKTeX\tex/latex/lipsum\lipsum.ltd.tex"))
("C:\Program Files\MiKTeX\tex/latex/psnfss\mathptmx.sty"
Package: mathptmx 2020/03/25 PSNFSS-v9.3 Times w/ Math, improved (SPQR, WaS) 
LaTeX Font Info:    Redeclaring symbol font `operators' on input line 28.
LaTeX Font Info:    Overwriting symbol font `operators' in version `normal'
(Font)                  OT1/cmr/m/n --> OT1/ztmcm/m/n on input line 28.
LaTeX Font Info:    Overwriting symbol font `operators' in version `bold'
(Font)                  OT1/cmr/bx/n --> OT1/ztmcm/m/n on input line 28.
LaTeX Font Info:    Redeclaring symbol font `letters' on input line 29.
LaTeX Font Info:    Overwriting symbol font `letters' in version `normal'
(Font)                  OML/cmm/m/it --> OML/ztmcm/m/it on input line 29.
LaTeX Font Info:    Overwriting symbol font `letters' in version `bold'
(Font)                  OML/cmm/b/it --> OML/ztmcm/m/it on input line 29.
LaTeX Font Info:    Redeclaring symbol font `symbols' on input line 30.
LaTeX Font Info:    Overwriting symbol font `symbols' in version `normal'
(Font)                  OMS/cmsy/m/n --> OMS/ztmcm/m/n on input line 30.
LaTeX Font Info:    Overwriting symbol font `symbols' in version `bold'
(Font)                  OMS/cmsy/b/n --> OMS/ztmcm/m/n on input line 30.
LaTeX Font Info:    Redeclaring symbol font `largesymbols' on input line 31.
LaTeX Font Info:    Overwriting symbol font `largesymbols' in version `normal'
(Font)                  OMX/cmex/m/n --> OMX/ztmcm/m/n on input line 31.
LaTeX Font Info:    Overwriting symbol font `largesymbols' in version `bold'
(Font)                  OMX/cmex/m/n --> OMX/ztmcm/m/n on input line 31.
\symbold=\mathgroup4
\symitalic=\mathgroup5
LaTeX Font Info:    Redeclaring math alphabet \mathbf on input line 34.
LaTeX Font Info:    Overwriting math alphabet `\mathbf' in version `normal'
(Font)                  OT1/cmr/bx/n --> OT1/ptm/bx/n on input line 34.
LaTeX Font Info:    Overwriting math alphabet `\mathbf' in version `bold'
(Font)                  OT1/cmr/bx/n --> OT1/ptm/bx/n on input line 34.
LaTeX Font Info:    Redeclaring math alphabet \mathit on input line 35.
LaTeX Font Info:    Overwriting math alphabet `\mathit' in version `normal'
(Font)                  OT1/cmr/m/it --> OT1/ptm/m/it on input line 35.
LaTeX Font Info:    Overwriting math alphabet `\mathit' in version `bold'
(Font)                  OT1/cmr/bx/it --> OT1/ptm/m/it on input line 35.
LaTeX Info: Redefining \hbar on input line 50.
)
("C:\Program Files\MiKTeX\tex/latex/anyfontsize\anyfontsize.sty"
Invalid UTF-8 byte or sequence at line 3 replaced by U+FFFD.
Invalid UTF-8 byte or sequence at line 3 replaced by U+FFFD.
Package: anyfontsize 2007/11/22 anyfontsize.sty by pts
)
("C:\Program Files\MiKTeX\tex/latex/base\t1enc.sty"
Package: t1enc 1994/06/01 Standard LaTeX package
LaTeX Font Info:    Trying to load font information for T1+lmr on input line 47
.

("C:\Program Files\MiKTeX\tex/latex/lm\t1lmr.fd"
File: t1lmr.fd 2009/10/30 v1.6 Font defs for Latin Modern
))
("C:\Program Files\MiKTeX\tex/latex/csquotes\csquotes.sty"
Package: csquotes 2021-02-22 v5.2l context-sensitive quotations (JAW)

("C:\Program Files\MiKTeX\tex/latex/etoolbox\etoolbox.sty"
Package: etoolbox 2020/10/05 v2.5k e-TeX tools for LaTeX (JAW)
\etb@tempcnta=\count190
)
\csq@reset=\count191
\csq@gtype=\count192
\csq@glevel=\count193
\csq@qlevel=\count194
\csq@maxlvl=\count195
\csq@tshold=\count196
\csq@ltx@everypar=\toks17

("C:\Program Files\MiKTeX\tex/latex/csquotes\csquotes.def"
File: csquotes.def 2021-02-22 v5.2l csquotes generic definitions (JAW)
)
Package csquotes Info: Trying to load configuration file 'csquotes.cfg'...
Package csquotes Info: ... configuration file loaded successfully.

("C:\Program Files\MiKTeX\tex/latex/csquotes\csquotes.cfg"
File: csquotes.cfg 
))
("C:\Program Files\MiKTeX\tex/latex/blindtext\blindtext.sty"
Package: blindtext 2012/01/06 V2.0 blindtext-Package

("C:\Program Files\MiKTeX\tex/latex/tools\xspace.sty"
Package: xspace 2014/10/28 v1.13 Space after command names (DPC,MH)
)
\c@blindtext=\count197
\c@Blindtext=\count198
\c@blind@countparstart=\count199
\blind@countxx=\count266
\blindtext@numBlindtext=\count267
\blind@countyy=\count268
\c@blindlist=\count269
\c@blindlistlevel=\count270
\c@blindlist@level=\count271
\blind@listitem=\count272
\c@blind@listcount=\count273
\c@blind@levelcount=\count274
\blind@mathformula=\count275
\blind@Mathformula=\count276
\c@blind@randomcount=\count277
\c@blind@randommax=\count278
\c@blind@pangramcount=\count279
\c@blind@pangrammax=\count280
)
("C:\Program Files\MiKTeX\tex/latex/enumitem\enumitem.sty"
Package: enumitem 2019/06/20 v3.9 Customized lists
\labelindent=\skip58
\enit@outerparindent=\dimen147
\enit@toks=\toks18
\enit@inbox=\box48
\enit@count@id=\count281
\enitdp@description=\count282
)
("C:\Program Files\MiKTeX\tex/latex/xcolor\xcolor.sty"
Package: xcolor 2016/05/11 v2.12 LaTeX color extensions (UK)

("C:\Program Files\MiKTeX\tex/latex/graphics-cfg\color.cfg"
File: color.cfg 2016/01/02 v1.6 sample color configuration
)
Package xcolor Info: Driver file: xetex.def on input line 225.

("C:\Program Files\MiKTeX\tex/latex/graphics-def\xetex.def"
File: xetex.def 2020/08/26 v5.0i Graphics/color driver for xetex
)
Package xcolor Info: Model `cmy' substituted by `cmy0' on input line 1348.
Package xcolor Info: Model `RGB' extended on input line 1364.
Package xcolor Info: Model `HTML' substituted by `rgb' on input line 1366.
Package xcolor Info: Model `Hsb' substituted by `hsb' on input line 1367.
Package xcolor Info: Model `tHsb' substituted by `hsb' on input line 1368.
Package xcolor Info: Model `HSB' substituted by `hsb' on input line 1369.
Package xcolor Info: Model `Gray' substituted by `gray' on input line 1370.
Package xcolor Info: Model `wave' substituted by `hsb' on input line 1371.
)
("C:\Program Files\MiKTeX\tex/latex/hyperref\hyperref.sty"
Package: hyperref 2020-05-15 v7.00e Hypertext links for LaTeX

("C:\Program Files\MiKTeX\tex/generic/ltxcmds\ltxcmds.sty"
Package: ltxcmds 2020-05-10 v1.25 LaTeX kernel commands for general use (HO)
)
("C:\Program Files\MiKTeX\tex/generic/pdftexcmds\pdftexcmds.sty"
Package: pdftexcmds 2020-06-27 v0.33 Utility functions of pdfTeX for LuaTeX (HO
)

("C:\Program Files\MiKTeX\tex/generic/infwarerr\infwarerr.sty"
Package: infwarerr 2019/12/03 v1.5 Providing info/warning/error messages (HO)
)
Package pdftexcmds Info: \pdf@primitive is available.
Package pdftexcmds Info: \pdf@ifprimitive is available.
Package pdftexcmds Info: \pdfdraftmode not found.
)
("C:\Program Files\MiKTeX\tex/generic/kvsetkeys\kvsetkeys.sty"
Package: kvsetkeys 2019/12/15 v1.18 Key value parser (HO)
)
("C:\Program Files\MiKTeX\tex/generic/kvdefinekeys\kvdefinekeys.sty"
Package: kvdefinekeys 2019-12-19 v1.6 Define keys (HO)
)
("C:\Program Files\MiKTeX\tex/generic/pdfescape\pdfescape.sty"
Package: pdfescape 2019/12/09 v1.15 Implements pdfTeX's escape features (HO)
)
("C:\Program Files\MiKTeX\tex/latex/hycolor\hycolor.sty"
Package: hycolor 2020-01-27 v1.10 Color options for hyperref/bookmark (HO)
)
("C:\Program Files\MiKTeX\tex/latex/letltxmacro\letltxmacro.sty"
Package: letltxmacro 2019/12/03 v1.6 Let assignment for LaTeX macros (HO)
)
("C:\Program Files\MiKTeX\tex/latex/auxhook\auxhook.sty"
Package: auxhook 2019-12-17 v1.6 Hooks for auxiliary files (HO)
)
("C:\Program Files\MiKTeX\tex/latex/kvoptions\kvoptions.sty"
Package: kvoptions 2020-10-07 v3.14 Key value format for package options (HO)
)
\@linkdim=\dimen148
\Hy@linkcounter=\count283
\Hy@pagecounter=\count284

("C:\Program Files\MiKTeX\tex/latex/hyperref\pd1enc.def"
File: pd1enc.def 2020-05-15 v7.00e Hyperref: PDFDocEncoding definition (HO)
)
("C:\Program Files\MiKTeX\tex/generic/intcalc\intcalc.sty"
Package: intcalc 2019/12/15 v1.3 Expandable calculations with integers (HO)
)
("C:\Program Files\MiKTeX\tex/generic/etexcmds\etexcmds.sty"
Package: etexcmds 2019/12/15 v1.7 Avoid name clashes with e-TeX commands (HO)
)
\Hy@SavedSpaceFactor=\count285
Package hyperref Info: Option `linktocpage' set `true' on input line 4338.
Package hyperref Info: Hyper figures OFF on input line 4464.
Package hyperref Info: Link nesting OFF on input line 4469.
Package hyperref Info: Hyper index ON on input line 4472.
Package hyperref Info: Plain pages OFF on input line 4479.
Package hyperref Info: Backreferencing OFF on input line 4484.
Package hyperref Info: Implicit mode ON; LaTeX internals redefined.
Package hyperref Info: Bookmarks ON on input line 4717.
\c@Hy@tempcnt=\count286

("C:\Program Files\MiKTeX\tex/latex/url\url.sty"
\Urlmuskip=\muskip16
Package: url 2013/09/16  ver 3.4  Verb mode for urls, etc.
)
LaTeX Info: Redefining \url on input line 5076.
\XeTeXLinkMargin=\dimen149

("C:\Program Files\MiKTeX\tex/generic/bitset\bitset.sty"
Package: bitset 2019/12/09 v1.3 Handle bit-vector datatype (HO)

("C:\Program Files\MiKTeX\tex/generic/bigintcalc\bigintcalc.sty"
Package: bigintcalc 2019/12/15 v1.5 Expandable calculations on big integers (HO
)
))
\Fld@menulength=\count287
\Field@Width=\dimen150
\Fld@charsize=\dimen151
Package hyperref Info: Hyper figures OFF on input line 6347.
Package hyperref Info: Link nesting OFF on input line 6352.
Package hyperref Info: Hyper index ON on input line 6355.
Package hyperref Info: backreferencing OFF on input line 6362.
Package hyperref Info: Link coloring OFF on input line 6367.
Package hyperref Info: Link coloring with OCG OFF on input line 6372.
Package hyperref Info: PDF/A mode OFF on input line 6377.
LaTeX Info: Redefining \ref on input line 6417.
LaTeX Info: Redefining \pageref on input line 6421.

("C:\Program Files\MiKTeX\tex/latex/base\atbegshi-ltx.sty"
Package: atbegshi-ltx 2020/08/17 v1.0a Emulation of the original atbegshi packa
ge
with kernel methods
)
\Hy@abspage=\count288
\c@Item=\count289
\c@Hfootnote=\count290
)
Package hyperref Info: Driver (autodetected): hxetex.

("C:\Program Files\MiKTeX\tex/latex/hyperref\hxetex.def"
File: hxetex.def 2020-05-15 v7.00e Hyperref driver for XeTeX

("C:\Program Files\MiKTeX\tex/latex/hyperref\puenc.def"
File: puenc.def 2020-05-15 v7.00e Hyperref: PDF Unicode definition (HO)
)
("C:\Program Files\MiKTeX\tex/generic/stringenc\stringenc.sty"
Package: stringenc 2019/11/29 v1.12 Convert strings between diff. encodings (HO
)
)
\pdfm@box=\box49
\c@Hy@AnnotLevel=\count291
\HyField@AnnotCount=\count292
\Fld@listcount=\count293
\c@bookmark@seq@number=\count294

("C:\Program Files\MiKTeX\tex/latex/rerunfilecheck\rerunfilecheck.sty"
Package: rerunfilecheck 2019/12/05 v1.9 Rerun checks for auxiliary files (HO)

("C:\Program Files\MiKTeX\tex/latex/base\atveryend-ltx.sty"
Package: atveryend-ltx 2020/08/19 v1.0a Emulation of the original atvery packag
e
with kernel methods
)
("C:\Program Files\MiKTeX\tex/generic/uniquecounter\uniquecounter.sty"
Package: uniquecounter 2019/12/15 v1.4 Provide unlimited unique counter (HO)
)
Package uniquecounter Info: New unique counter `rerunfilecheck' on input line 2
86.
)
\Hy@SectionHShift=\skip59
)
("C:\Program Files\MiKTeX\tex/latex/graphics\graphicx.sty"
Package: graphicx 2020/09/09 v1.2b Enhanced LaTeX Graphics (DPC,SPQR)

("C:\Program Files\MiKTeX\tex/latex/graphics\graphics.sty"
Package: graphics 2020/08/30 v1.4c Standard LaTeX Graphics (DPC,SPQR)

("C:\Program Files\MiKTeX\tex/latex/graphics\trig.sty"
Package: trig 2016/01/03 v1.10 sin cos tan (DPC)
)
("C:\Program Files\MiKTeX\tex/latex/graphics-cfg\graphics.cfg"
File: graphics.cfg 2016/06/04 v1.11 sample graphics configuration
)
Package graphics Info: Driver file: xetex.def on input line 105.
)
\Gin@req@height=\dimen152
\Gin@req@width=\dimen153
)
("C:\Program Files\MiKTeX\tex/latex/float\float.sty"
Package: float 2001/11/08 v1.3d Float enhancements (AL)
\c@float@type=\count295
\float@exts=\toks19
\float@box=\box50
\@float@everytoks=\toks20
\@floatcapt=\box51
)
("C:\Program Files\MiKTeX\tex/latex/caption\subcaption.sty"
Package: subcaption 2020/10/07 v1.3j Sub-captions (AR)

("C:\Program Files\MiKTeX\tex/latex/caption\caption.sty"
Package: caption 2020/10/26 v3.5g Customizing captions (AR)

("C:\Program Files\MiKTeX\tex/latex/caption\caption3.sty"
Package: caption3 2020/10/21 v2.2e caption3 kernel (AR)
\captionmargin=\dimen154
\captionmargin@=\dimen155
\captionwidth=\dimen156
\caption@tempdima=\dimen157
\caption@indent=\dimen158
\caption@parindent=\dimen159
\caption@hangindent=\dimen160
Package caption Info: Standard document class detected.
)
\c@caption@flags=\count296
\c@continuedfloat=\count297
Package caption Info: float package is loaded.
Package caption Info: hyperref package is loaded.
)
\c@subfigure=\count298
\c@subtable=\count299
)
("C:\Program Files\MiKTeX\tex/latex/placeins\placeins.sty"
Package: placeins 2005/04/18  v 2.2
)
("C:\Program Files\MiKTeX\tex/latex/base\fontenc.sty"
Package: fontenc 2020/08/10 v2.0s Standard LaTeX package
LaTeX Font Info:    Trying to load font information for T1+ptm on input line 11
2.

("C:\Program Files\MiKTeX\tex/latex/psnfss\t1ptm.fd"
File: t1ptm.fd 2001/06/04 font definitions for T1/ptm.
))
("C:\Program Files\MiKTeX\tex/latex/fontspec\fontspec.sty"
("C:\Program Files\MiKTeX\tex/latex/l3packages/xparse\xparse.sty"
Package: xparse 2020-10-27 L3 Experimental document command parser

("C:\Program Files\MiKTeX\tex/latex/l3packages/xparse\xparse-generic.tex"))
Package: fontspec 2020/02/21 v2.7i Font selection for XeLaTeX and LuaLaTeX

("C:\Program Files\MiKTeX\tex/latex/fontspec\fontspec-xetex.sty"
Package: fontspec-xetex 2020/02/21 v2.7i Font selection for XeLaTeX and LuaLaTe
X
\l__fontspec_script_int=\count300
\l__fontspec_language_int=\count301
\l__fontspec_strnum_int=\count302
\l__fontspec_tmp_int=\count303
\l__fontspec_tmpa_int=\count304
\l__fontspec_tmpb_int=\count305
\l__fontspec_tmpc_int=\count306
\l__fontspec_em_int=\count307
\l__fontspec_emdef_int=\count308
\l__fontspec_strong_int=\count309
\l__fontspec_strongdef_int=\count310
\l__fontspec_tmpa_dim=\dimen161
\l__fontspec_tmpb_dim=\dimen162
\l__fontspec_tmpc_dim=\dimen163

("C:\Program Files\MiKTeX\tex/latex/base\fontenc.sty"
Package: fontenc 2020/08/10 v2.0s Standard LaTeX package
)
("C:\Program Files\MiKTeX\tex/latex/fontspec\fontspec.cfg")))
("C:\Program Files\MiKTeX\tex/latex/tcolorbox\tcolorbox.sty"
Package: tcolorbox 2020/10/09 version 4.42 text color boxes

("C:\Program Files\MiKTeX\tex/latex/pgf/basiclayer\pgf.sty"
("C:\Program Files\MiKTeX\tex/latex/pgf/utilities\pgfrcs.sty"
("C:\Program Files\MiKTeX\tex/generic/pgf/utilities\pgfutil-common.tex"
\pgfutil@everybye=\toks21
\pgfutil@tempdima=\dimen164
\pgfutil@tempdimb=\dimen165

("C:\Program Files\MiKTeX\tex/generic/pgf/utilities\pgfutil-common-lists.tex"))
("C:\Program Files\MiKTeX\tex/generic/pgf/utilities\pgfutil-latex.def"
\pgfutil@abb=\box52
)
("C:\Program Files\MiKTeX\tex/generic/pgf/utilities\pgfrcs.code.tex"
("C:\Program Files\MiKTeX\tex/generic/pgf\pgf.revision.tex")
Package: pgfrcs 2020/12/01 v3.1.7a (3.1.7a)
))
Package: pgf 2020/12/01 v3.1.7a (3.1.7a)

("C:\Program Files\MiKTeX\tex/latex/pgf/basiclayer\pgfcore.sty"
("C:\Program Files\MiKTeX\tex/latex/pgf/systemlayer\pgfsys.sty"
("C:\Program Files\MiKTeX\tex/generic/pgf/systemlayer\pgfsys.code.tex"
Package: pgfsys 2020/12/01 v3.1.7a (3.1.7a)

("C:\Program Files\MiKTeX\tex/generic/pgf/utilities\pgfkeys.code.tex"
\pgfkeys@pathtoks=\toks22
\pgfkeys@temptoks=\toks23

("C:\Program Files\MiKTeX\tex/generic/pgf/utilities\pgfkeysfiltered.code.tex"
\pgfkeys@tmptoks=\toks24
))
\pgf@x=\dimen166
\pgf@y=\dimen167
\pgf@xa=\dimen168
\pgf@ya=\dimen169
\pgf@xb=\dimen170
\pgf@yb=\dimen171
\pgf@xc=\dimen172
\pgf@yc=\dimen173
\pgf@xd=\dimen174
\pgf@yd=\dimen175
\w@pgf@writea=\write3
\r@pgf@reada=\read2
\c@pgf@counta=\count311
\c@pgf@countb=\count312
\c@pgf@countc=\count313
\c@pgf@countd=\count314
\t@pgf@toka=\toks25
\t@pgf@tokb=\toks26
\t@pgf@tokc=\toks27
\pgf@sys@id@count=\count315
("C:\Program Files\MiKTeX\tex/generic/pgf/systemlayer\pgf.cfg"
File: pgf.cfg 2020/12/01 v3.1.7a (3.1.7a)
)
Driver file for pgf: pgfsys-xetex.def

("C:\Program Files\MiKTeX\tex/generic/pgf/systemlayer\pgfsys-xetex.def"
File: pgfsys-xetex.def 2020/12/01 v3.1.7a (3.1.7a)

("C:\Program Files\MiKTeX\tex/generic/pgf/systemlayer\pgfsys-dvipdfmx.def"
File: pgfsys-dvipdfmx.def 2020/12/01 v3.1.7a (3.1.7a)

("C:\Program Files\MiKTeX\tex/generic/pgf/systemlayer\pgfsys-common-pdf.def"
File: pgfsys-common-pdf.def 2020/12/01 v3.1.7a (3.1.7a)
)
\pgfsys@objnum=\count316
))) ("C:\Program Files\MiKTeX\tex/generic/pgf/systemlayer\pgfsyssoftpath.code.t
ex"
File: pgfsyssoftpath.code.tex 2020/12/01 v3.1.7a (3.1.7a)
\pgfsyssoftpath@smallbuffer@items=\count317
\pgfsyssoftpath@bigbuffer@items=\count318
) ("C:\Program Files\MiKTeX\tex/generic/pgf/systemlayer\pgfsysprotocol.code.tex
"
File: pgfsysprotocol.code.tex 2020/12/01 v3.1.7a (3.1.7a)
)) ("C:\Program Files\MiKTeX\tex/generic/pgf/basiclayer\pgfcore.code.tex"
Package: pgfcore 2020/12/01 v3.1.7a (3.1.7a)

("C:\Program Files\MiKTeX\tex/generic/pgf/math\pgfmath.code.tex"
("C:\Program Files\MiKTeX\tex/generic/pgf/math\pgfmathcalc.code.tex"
("C:\Program Files\MiKTeX\tex/generic/pgf/math\pgfmathutil.code.tex")
("C:\Program Files\MiKTeX\tex/generic/pgf/math\pgfmathparser.code.tex"
\pgfmath@dimen=\dimen176
\pgfmath@count=\count319
\pgfmath@box=\box53
\pgfmath@toks=\toks28
\pgfmath@stack@operand=\toks29
\pgfmath@stack@operation=\toks30
)
("C:\Program Files\MiKTeX\tex/generic/pgf/math\pgfmathfunctions.code.tex"
("C:\Program Files\MiKTeX\tex/generic/pgf/math\pgfmathfunctions.basic.code.tex"
)
("C:\Program Files\MiKTeX\tex/generic/pgf/math\pgfmathfunctions.trigonometric.c
ode.tex")
("C:\Program Files\MiKTeX\tex/generic/pgf/math\pgfmathfunctions.random.code.tex
")
("C:\Program Files\MiKTeX\tex/generic/pgf/math\pgfmathfunctions.comparison.code
.tex")
("C:\Program Files\MiKTeX\tex/generic/pgf/math\pgfmathfunctions.base.code.tex")
("C:\Program Files\MiKTeX\tex/generic/pgf/math\pgfmathfunctions.round.code.tex"
) ("C:\Program Files\MiKTeX\tex/generic/pgf/math\pgfmathfunctions.misc.code.tex
")
("C:\Program Files\MiKTeX\tex/generic/pgf/math\pgfmathfunctions.integerarithmet
ics.code.tex")))
("C:\Program Files\MiKTeX\tex/generic/pgf/math\pgfmathfloat.code.tex"
\c@pgfmathroundto@lastzeros=\count320
))
("C:\Program Files\MiKTeX\tex/generic/pgf/math\pgfint.code.tex")
("C:\Program Files\MiKTeX\tex/generic/pgf/basiclayer\pgfcorepoints.code.tex"
File: pgfcorepoints.code.tex 2020/12/01 v3.1.7a (3.1.7a)
\pgf@picminx=\dimen177
\pgf@picmaxx=\dimen178
\pgf@picminy=\dimen179
\pgf@picmaxy=\dimen180
\pgf@pathminx=\dimen181
\pgf@pathmaxx=\dimen182
\pgf@pathminy=\dimen183
\pgf@pathmaxy=\dimen184
\pgf@xx=\dimen185
\pgf@xy=\dimen186
\pgf@yx=\dimen187
\pgf@yy=\dimen188
\pgf@zx=\dimen189
\pgf@zy=\dimen190
)
("C:\Program Files\MiKTeX\tex/generic/pgf/basiclayer\pgfcorepathconstruct.code.
tex"
File: pgfcorepathconstruct.code.tex 2020/12/01 v3.1.7a (3.1.7a)
\pgf@path@lastx=\dimen191
\pgf@path@lasty=\dimen192
)
("C:\Program Files\MiKTeX\tex/generic/pgf/basiclayer\pgfcorepathusage.code.tex"
File: pgfcorepathusage.code.tex 2020/12/01 v3.1.7a (3.1.7a)
\pgf@shorten@end@additional=\dimen193
\pgf@shorten@start@additional=\dimen194
) ("C:\Program Files\MiKTeX\tex/generic/pgf/basiclayer\pgfcorescopes.code.tex"
File: pgfcorescopes.code.tex 2020/12/01 v3.1.7a (3.1.7a)
\pgfpic=\box54
\pgf@hbox=\box55
\pgf@layerbox@main=\box56
\pgf@picture@serial@count=\count321
)
("C:\Program Files\MiKTeX\tex/generic/pgf/basiclayer\pgfcoregraphicstate.code.t
ex"
File: pgfcoregraphicstate.code.tex 2020/12/01 v3.1.7a (3.1.7a)
\pgflinewidth=\dimen195
)
("C:\Program Files\MiKTeX\tex/generic/pgf/basiclayer\pgfcoretransformations.cod
e.tex"
File: pgfcoretransformations.code.tex 2020/12/01 v3.1.7a (3.1.7a)
\pgf@pt@x=\dimen196
\pgf@pt@y=\dimen197
\pgf@pt@temp=\dimen198
)
("C:\Program Files\MiKTeX\tex/generic/pgf/basiclayer\pgfcorequick.code.tex"
File: pgfcorequick.code.tex 2020/12/01 v3.1.7a (3.1.7a)
)
("C:\Program Files\MiKTeX\tex/generic/pgf/basiclayer\pgfcoreobjects.code.tex"
File: pgfcoreobjects.code.tex 2020/12/01 v3.1.7a (3.1.7a)
)
("C:\Program Files\MiKTeX\tex/generic/pgf/basiclayer\pgfcorepathprocessing.code
.tex"
File: pgfcorepathprocessing.code.tex 2020/12/01 v3.1.7a (3.1.7a)
)
("C:\Program Files\MiKTeX\tex/generic/pgf/basiclayer\pgfcorearrows.code.tex"
File: pgfcorearrows.code.tex 2020/12/01 v3.1.7a (3.1.7a)
\pgfarrowsep=\dimen199
)
("C:\Program Files\MiKTeX\tex/generic/pgf/basiclayer\pgfcoreshade.code.tex"
File: pgfcoreshade.code.tex 2020/12/01 v3.1.7a (3.1.7a)
\pgf@max=\dimen256
\pgf@sys@shading@range@num=\count322
\pgf@shadingcount=\count323
)
("C:\Program Files\MiKTeX\tex/generic/pgf/basiclayer\pgfcoreimage.code.tex"
File: pgfcoreimage.code.tex 2020/12/01 v3.1.7a (3.1.7a)

("C:\Program Files\MiKTeX\tex/generic/pgf/basiclayer\pgfcoreexternal.code.tex"
File: pgfcoreexternal.code.tex 2020/12/01 v3.1.7a (3.1.7a)
\pgfexternal@startupbox=\box57
)) ("C:\Program Files\MiKTeX\tex/generic/pgf/basiclayer\pgfcorelayers.code.tex"
File: pgfcorelayers.code.tex 2020/12/01 v3.1.7a (3.1.7a)
)
("C:\Program Files\MiKTeX\tex/generic/pgf/basiclayer\pgfcoretransparency.code.t
ex"
File: pgfcoretransparency.code.tex 2020/12/01 v3.1.7a (3.1.7a)
)
("C:\Program Files\MiKTeX\tex/generic/pgf/basiclayer\pgfcorepatterns.code.tex"
File: pgfcorepatterns.code.tex 2020/12/01 v3.1.7a (3.1.7a)
) ("C:\Program Files\MiKTeX\tex/generic/pgf/basiclayer\pgfcorerdf.code.tex"
File: pgfcorerdf.code.tex 2020/12/01 v3.1.7a (3.1.7a)
)))
("C:\Program Files\MiKTeX\tex/generic/pgf/modules\pgfmoduleshapes.code.tex"
File: pgfmoduleshapes.code.tex 2020/12/01 v3.1.7a (3.1.7a)
\pgfnodeparttextbox=\box58
)
("C:\Program Files\MiKTeX\tex/generic/pgf/modules\pgfmoduleplot.code.tex"
File: pgfmoduleplot.code.tex 2020/12/01 v3.1.7a (3.1.7a)
)
("C:\Program Files\MiKTeX\tex/latex/pgf/compatibility\pgfcomp-version-0-65.sty"
Package: pgfcomp-version-0-65 2020/12/01 v3.1.7a (3.1.7a)
\pgf@nodesepstart=\dimen257
\pgf@nodesepend=\dimen258
) ("C:\Program Files\MiKTeX\tex/latex/pgf/compatibility\pgfcomp-version-1-18.st
y"
Package: pgfcomp-version-1-18 2020/12/01 v3.1.7a (3.1.7a)
)) ("C:\Program Files\MiKTeX\tex/latex/tools\verbatim.sty"
Package: verbatim 2019/11/10 v1.5r LaTeX2e package for verbatim enhancements
\every@verbatim=\toks31
\verbatim@line=\toks32
\verbatim@in@stream=\read3
)
("C:\Program Files\MiKTeX\tex/latex/environ\environ.sty"
Package: environ 2014/05/04 v0.3 A new way to define environments

("C:\Program Files\MiKTeX\tex/latex/trimspaces\trimspaces.sty"
Package: trimspaces 2009/09/17 v1.1 Trim spaces around a token list
)
\@envbody=\toks33
)
\tcb@titlebox=\box59
\tcb@upperbox=\box60
\tcb@lowerbox=\box61
\tcb@phantombox=\box62
\c@tcbbreakpart=\count324
\c@tcblayer=\count325
\c@tcolorbox@number=\count326
\tcb@temp=\box63
\tcb@temp=\box64
\tcb@temp=\box65
\tcb@temp=\box66
\tcb@out=\write4
\tcb@record@out=\write5
)
("C:\Program Files\MiKTeX\tex/generic/babel\babel.sty"
Package: babel 2020/10/27 3.51 The Babel package

("C:\Program Files\MiKTeX\tex/generic/babel\babel.def"
File: babel.def 2020/10/27 3.51 Babel common definitions
\babel@savecnt=\count327
\U@D=\dimen259
\l@babelnohyphens=\language79

("C:\Program Files\MiKTeX\tex/generic/babel\xebabel.def"
("C:\Program Files\MiKTeX\tex/generic/babel\txtbabel.def"))
\bbl@readstream=\read4
)
\bbl@dirlevel=\count328

*************************************
* Local config file bblopts.cfg used
*
("C:\Program Files\MiKTeX\tex/latex/arabi\bblopts.cfg"
File: bblopts.cfg 2005/09/08 v0.1 add Arabic and Farsi to "declared" options of
 babel
)
("C:\Program Files\MiKTeX\tex/latex/babel-english\english.ldf"
Language: english 2017/06/06 v3.3r English support from the babel system
Package babel Info: \l@canadian = using hyphenrules for english
(babel)             (\language0) on input line 102.
Package babel Info: \l@australian = using hyphenrules for ukenglish
(babel)             (\language73) on input line 105.
Package babel Info: \l@newzealand = using hyphenrules for ukenglish
(babel)             (\language73) on input line 108.
))
("C:\Program Files\MiKTeX\tex/latex/adjustbox\adjustbox.sty"
Package: adjustbox 2020/08/19 v1.3 Adjusting TeX boxes (trim, clip, ...)

("C:\Program Files\MiKTeX\tex/latex/xkeyval\xkeyval.sty"
Package: xkeyval 2020/11/20 v2.8 package option processing (HA)

("C:\Program Files\MiKTeX\tex/generic/xkeyval\xkeyval.tex"
("C:\Program Files\MiKTeX\tex/generic/xkeyval\xkvutils.tex"
\XKV@toks=\toks34
\XKV@tempa@toks=\toks35
)
\XKV@depth=\count329
File: xkeyval.tex 2014/12/03 v2.7a key=value parser (HA)
))
("C:\Program Files\MiKTeX\tex/latex/adjustbox\adjcalc.sty"
Package: adjcalc 2012/05/16 v1.1 Provides advanced setlength with multiple back
-ends (calc, etex, pgfmath)
)
("C:\Program Files\MiKTeX\tex/latex/adjustbox\trimclip.sty"
Package: trimclip 2020/08/19 v1.2 Trim and clip general TeX material

("C:\Program Files\MiKTeX\tex/latex/collectbox\collectbox.sty"
Package: collectbox 2012/05/17 v0.4b Collect macro arguments as boxes
\collectedbox=\box67
)
\tc@llx=\dimen260
\tc@lly=\dimen261
\tc@urx=\dimen262
\tc@ury=\dimen263
Package trimclip Info: Using driver 'tc-xetex.def'.

("C:\Program Files\MiKTeX\tex/latex/adjustbox\tc-xetex.def"
File: tc-xetex.def 2019/01/04 v2.2 Clipping driver for xetex
))
\adjbox@Width=\dimen264
\adjbox@Height=\dimen265
\adjbox@Depth=\dimen266
\adjbox@Totalheight=\dimen267
\adjbox@pwidth=\dimen268
\adjbox@pheight=\dimen269
\adjbox@pdepth=\dimen270
\adjbox@ptotalheight=\dimen271

("C:\Program Files\MiKTeX\tex/latex/ifoddpage\ifoddpage.sty"
Package: ifoddpage 2016/04/23 v1.1 Conditionals for odd/even page detection
\c@checkoddpage=\count330
)
("C:\Program Files\MiKTeX\tex/latex/varwidth\varwidth.sty"
Package: varwidth 2009/03/30 ver 0.92;  Variable-width minipages
\@vwid@box=\box68
\sift@deathcycles=\count331
\@vwid@loff=\dimen272
\@vwid@roff=\dimen273
))
Package csquotes Info: Checking for multilingual support...
Package csquotes Info: ... found 'babel' package.
Package csquotes Info: Adjusting default style.
Package csquotes Info: Redefining alias 'default' -> 'english'.
 (mine.aux)
\openout1 = `mine.aux'.

LaTeX Font Info:    Checking defaults for OML/cmm/m/it on input line 29.
LaTeX Font Info:    ... okay on input line 29.
LaTeX Font Info:    Checking defaults for OMS/cmsy/m/n on input line 29.
LaTeX Font Info:    ... okay on input line 29.
LaTeX Font Info:    Checking defaults for OT1/cmr/m/n on input line 29.
LaTeX Font Info:    ... okay on input line 29.
LaTeX Font Info:    Checking defaults for T1/cmr/m/n on input line 29.
LaTeX Font Info:    ... okay on input line 29.
LaTeX Font Info:    Checking defaults for TS1/cmr/m/n on input line 29.
LaTeX Font Info:    Trying to load font information for TS1+cmr on input line 2
9.

("C:\Program Files\MiKTeX\tex/latex/base\ts1cmr.fd"
File: ts1cmr.fd 2019/12/16 v2.5j Standard LaTeX font definitions
)
LaTeX Font Info:    ... okay on input line 29.
LaTeX Font Info:    Checking defaults for TU/lmr/m/n on input line 29.
LaTeX Font Info:    ... okay on input line 29.
LaTeX Font Info:    Checking defaults for OMX/cmex/m/n on input line 29.
LaTeX Font Info:    ... okay on input line 29.
LaTeX Font Info:    Checking defaults for U/cmr/m/n on input line 29.
LaTeX Font Info:    ... okay on input line 29.
LaTeX Font Info:    Checking defaults for PD1/pdf/m/n on input line 29.
LaTeX Font Info:    ... okay on input line 29.
LaTeX Font Info:    Checking defaults for PU/pdf/m/n on input line 29.
LaTeX Font Info:    ... okay on input line 29.

*geometry* detected driver: pdftex
*geometry* verbose mode - [ preamble ] result:
* driver: pdftex
* paper: a4paper
* layout: <same size as paper>
* layoutoffset:(h,v)=(0.0pt,0.0pt)
* modes: 
* h-part:(L,W,R)=(56.9055pt, 483.69687pt, 56.9055pt)
* v-part:(T,H,B)=(71.13188pt, 702.78308pt, 71.13188pt)
* \paperwidth=597.50787pt
* \paperheight=845.04684pt
* \textwidth=483.69687pt
* \textheight=702.78308pt
* \oddsidemargin=-15.36449pt
* \evensidemargin=-15.36449pt
* \topmargin=-38.1381pt
* \headheight=12.0pt
* \headsep=25.0pt
* \topskip=12.0pt
* \footskip=30.0pt
* \marginparwidth=35.0pt
* \marginparsep=10.0pt
* \columnsep=10.0pt
* \skip\footins=10.8pt plus 4.0pt minus 2.0pt
* \hoffset=0.0pt
* \voffset=0.0pt
* \mag=1000
* \@twocolumnfalse
* \@twosidefalse
* \@mparswitchfalse
* \@reversemarginfalse
* (1in=72.27pt=25.4mm, 1cm=28.453pt)

\big@size=\dimen274
Package hyperref Info: Link coloring OFF on input line 29.
("C:\Program Files\MiKTeX\tex/latex/hyperref\nameref.sty"
Package: nameref 2019/09/16 v2.46 Cross-referencing by name of section

("C:\Program Files\MiKTeX\tex/latex/refcount\refcount.sty"
Package: refcount 2019/12/15 v3.6 Data extraction from label references (HO)
)
("C:\Program Files\MiKTeX\tex/generic/gettitlestring\gettitlestring.sty"
Package: gettitlestring 2019/12/15 v1.6 Cleanup title references (HO)
)
\c@section@level=\count332
)
LaTeX Info: Redefining \ref on input line 29.
LaTeX Info: Redefining \pageref on input line 29.
LaTeX Info: Redefining \nameref on input line 29.

(mine.out) (mine.out)
\@outlinefile=\write6
\openout6 = `mine.out'.

Package caption Info: Begin \AtBeginDocument code.
Package caption Info: End \AtBeginDocument code.
File: shirazuLogo.png Graphic file (type bmp)
<shirazuLogo.png>
LaTeX Font Info:    Trying to load font information for TU+titr on input line 4
5.
LaTeX Font Info:    No file TUtitr.fd. on input line 45.


LaTeX Font Warning: Font shape `TU/titr/m/n' undefined
(Font)              using `TU/lmr/m/n' instead on input line 45.


Package fontspec Info: Font family 'TimesNewRoman(0)' created for font 'Times
(fontspec)             New Roman' with options [Ligatures=TeX].
(fontspec)              
(fontspec)              This font family consists of the following NFSS
(fontspec)             series/shapes:
(fontspec)              
(fontspec)             - 'normal' (m/n) with NFSS spec.: <->"Times New
(fontspec)             Roman/OT:script=latn;language=dflt;mapping=tex-text;"
(fontspec)             - 'small caps'  (m/sc) with NFSS spec.: <->"Times New
(fontspec)             Roman/OT:script=latn;language=dflt;+smcp;mapping=tex-tex
t;"
(fontspec)             - 'bold' (b/n) with NFSS spec.: <->"Times New
(fontspec)             Roman/B/OT:script=latn;language=dflt;mapping=tex-text;"
(fontspec)             - 'bold small caps'  (b/sc) with NFSS spec.: <->"Times
(fontspec)             New
(fontspec)             Roman/B/OT:script=latn;language=dflt;+smcp;mapping=tex-t
ext;"
(fontspec)             - 'italic' (m/it) with NFSS spec.: <->"Times New
(fontspec)             Roman/I/OT:script=latn;language=dflt;mapping=tex-text;"
(fontspec)             - 'italic small caps'  (m/scit) with NFSS spec.:
(fontspec)             <->"Times New
(fontspec)             Roman/I/OT:script=latn;language=dflt;+smcp;mapping=tex-t
ext;"
(fontspec)             - 'bold italic' (b/it) with NFSS spec.: <->"Times New
(fontspec)             Roman/BI/OT:script=latn;language=dflt;mapping=tex-text;"

(fontspec)             - 'bold italic small caps'  (b/scit) with NFSS spec.:
(fontspec)             <->"Times New
(fontspec)             Roman/BI/OT:script=latn;language=dflt;+smcp;mapping=tex-
text;"

("C:\Program Files\MiKTeX\tex/generic/stringenc\se-ascii-print.def"
File: se-ascii-print.def 2019/11/29 v1.12 stringenc: Printable ASCII characters

) [1

]
(mine.toc)
\tf@toc=\write7
\openout7 = `mine.toc'.

 [1

]
LaTeX Font Info:    Trying to load font information for OT1+ztmcm on input line
 105.
 ("C:\Program Files\MiKTeX\tex/latex/psnfss\ot1ztmcm.fd"
File: ot1ztmcm.fd 2000/01/03 Fontinst v1.801 font definitions for OT1/ztmcm.
)
LaTeX Font Info:    Trying to load font information for OML+ztmcm on input line
 105.

("C:\Program Files\MiKTeX\tex/latex/psnfss\omlztmcm.fd"
File: omlztmcm.fd 2000/01/03 Fontinst v1.801 font definitions for OML/ztmcm.
)
LaTeX Font Info:    Trying to load font information for OMS+ztmcm on input line
 105.

("C:\Program Files\MiKTeX\tex/latex/psnfss\omsztmcm.fd"
File: omsztmcm.fd 2000/01/03 Fontinst v1.801 font definitions for OMS/ztmcm.
)
LaTeX Font Info:    Trying to load font information for OMX+ztmcm on input line
 105.

("C:\Program Files\MiKTeX\tex/latex/psnfss\omxztmcm.fd"
File: omxztmcm.fd 2000/01/03 Fontinst v1.801 font definitions for OMX/ztmcm.
)
LaTeX Font Info:    Trying to load font information for OT1+ptm on input line 1
05.

("C:\Program Files\MiKTeX\tex/latex/psnfss\ot1ptm.fd"
File: ot1ptm.fd 2001/06/04 font definitions for OT1/ptm.
)
LaTeX Font Info:    Font shape `OT1/ptm/bx/n' in size <12> not available
(Font)              Font shape `OT1/ptm/b/n' tried instead on input line 105.
LaTeX Font Info:    Font shape `OT1/ptm/bx/n' in size <9> not available
(Font)              Font shape `OT1/ptm/b/n' tried instead on input line 105.
LaTeX Font Info:    Font shape `OT1/ptm/bx/n' in size <7> not available
(Font)              Font shape `OT1/ptm/b/n' tried instead on input line 105.
 [2

]
Underfull \hbox (badness 10000) in paragraph at lines 112--113

 []


Underfull \hbox (badness 10000) in paragraph at lines 113--114

 []


Underfull \hbox (badness 10000) in paragraph at lines 114--115

 []


Underfull \hbox (badness 10000) in paragraph at lines 115--117

 []


Underfull \hbox (badness 10000) in paragraph at lines 117--118

 []


Underfull \hbox (badness 10000) in paragraph at lines 118--121

 []

File: B1.jpeg Graphic file (type bmp)
<B1.jpeg>

LaTeX Warning: `h' float specifier changed to `ht'.

File: x.jpg Graphic file (type bmp)
<x.jpg>

LaTeX Warning: `h' float specifier changed to `ht'.

File: Neuron.jpg Graphic file (type bmp)
<Neuron.jpg>

LaTeX Warning: `h' float specifier changed to `ht'.

[1

] [2] [3]
Overfull \hbox (7.45157pt too wide) in paragraph at lines 171--172
[]\TU/TimesNewRoman(0)/m/it/12 Machine learning gives computers the ability to 
learn without being \TU/TimesNewRoman(0)/b/it/12 explicitly \TU/TimesNewRoman(0
)/m/it/12 programmed. 
 []


Underfull \hbox (badness 10000) in paragraph at lines 174--176

 []


Underfull \hbox (badness 10000) in paragraph at lines 180--182

 []

File: s1.jpg Graphic file (type bmp)
<s1.jpg>

Overfull \hbox (14.0pt too wide) in paragraph at lines 188--189
[][] 
 []


Underfull \hbox (badness 1127) in paragraph at lines 189--189
[]|\TU/TimesNewRoman(0)/m/n/12 John von Neu-
 []

File: s2.jpg Graphic file (type bmp)
<s2.jpg>

Overfull \hbox (17.0pt too wide) in paragraph at lines 193--194
[][] 
 []


Underfull \hbox (badness 10000) in paragraph at lines 194--194
[]|\TU/TimesNewRoman(0)/m/n/12 Geoffrey Hin-
 []

File: s3.jpg Graphic file (type bmp)
<s3.jpg>

Overfull \hbox (14.0pt too wide) in paragraph at lines 198--199
[][] 
 []


Underfull \hbox (badness 5175) in paragraph at lines 199--199
[]|\TU/TimesNewRoman(0)/m/n/12 Warren Sturgis
 []

File: s4.jpg Graphic file (type bmp)
<s4.jpg>

Overfull \hbox (14.0pt too wide) in paragraph at lines 203--204
[][] 
 []

[4

]
Underfull \hbox (badness 10000) in paragraph at lines 214--215

 []


Underfull \hbox (badness 10000) in paragraph at lines 221--222

 []

File: nn.png Graphic file (type bmp)
<nn.png>

LaTeX Warning: `h' float specifier changed to `ht'.


Underfull \hbox (badness 10000) in paragraph at lines 235--237

 []

[5]
Underfull \hbox (badness 10000) in paragraph at lines 240--241

 []


Underfull \hbox (badness 10000) in paragraph at lines 241--242

 []


Underfull \hbox (badness 10000) in paragraph at lines 242--243

 []


Underfull \hbox (badness 10000) in paragraph at lines 243--244

 []

File: 1.png Graphic file (type bmp)
<1.png>
[6]
File: 2.png Graphic file (type bmp)
<2.png>
File: 3.png Graphic file (type bmp)
<3.png>
 [7]
File: 4.png Graphic file (type bmp)
<4.png>
File: 5.png Graphic file (type bmp)
<5.png>
 [8]
File: 6.png Graphic file (type bmp)
<6.png>
File: 7.png Graphic file (type bmp)
<7.png>
 [9]
File: 8.png Graphic file (type bmp)
<8.png>
File: 9.png Graphic file (type bmp)
<9.png>
 [10] [11] [12] [13] (mine.aux)
Package rerunfilecheck Info: File `mine.out' has not changed.
(rerunfilecheck)             Checksum: 142E594A2ED58800D03D7C62C952BF1E;632.


LaTeX Font Warning: Some font shapes were not available, defaults substituted.

 ) 
Here is how much of TeX's memory you used:
 25719 strings out of 412095
 496602 string characters out of 2851369
 969737 words of memory out of 3000000
 44904 multiletter control sequences out of 15000+200000
 416739 words of font info for 70 fonts, out of 3000000 for 9000
 1348 hyphenation exceptions out of 8191
 79i,10n,86p,1713b,402s stack positions out of 5000i,500n,10000p,200000b,50000s

Output written on mine.pdf (16 pages).
